[debug] [2021-06-19T15:09:52.476Z] ----------------------------------------------------------------------
[debug] [2021-06-19T15:09:52.477Z] Command:       C:\Program Files\nodejs\node.exe C:\Users\asher\AppData\Roaming\npm\node_modules\firebase-tools\lib\bin\firebase.js init
[debug] [2021-06-19T15:09:52.478Z] CLI Version:   9.13.1
[debug] [2021-06-19T15:09:52.478Z] Platform:      win32
[debug] [2021-06-19T15:09:52.478Z] Node Version:  v16.3.0
[debug] [2021-06-19T15:09:52.479Z] Time:          Sat Jun 19 2021 22:09:52 GMT+0700 (Indochina Time)
[debug] [2021-06-19T15:09:52.479Z] ----------------------------------------------------------------------
[debug] 
[debug] [2021-06-19T15:09:52.484Z] > command requires scopes: ["email","openid","https://www.googleapis.com/auth/cloudplatformprojects.readonly","https://www.googleapis.com/auth/firebase","https://www.googleapis.com/auth/cloud-platform"]
[debug] [2021-06-19T15:09:52.484Z] > authorizing via signed-in user (asherbrooke9@gmail.com)
[info] 
     ######## #### ########  ######## ########     ###     ######  ########
     ##        ##  ##     ## ##       ##     ##  ##   ##  ##       ##
     ######    ##  ########  ######   ########  #########  ######  ######
     ##        ##  ##    ##  ##       ##     ## ##     ##       ## ##
     ##       #### ##     ## ######## ########  ##     ##  ######  ########

You're about to initialize a Firebase project in this directory:

  C:\xampp\htdocs\p

Before we get started, keep in mind:

  * You are currently outside your home directory

[info] 
=== Project Setup
[info] 
[info] First, let's associate this project directory with a Firebase project.
[info] You can create multiple project aliases by running firebase use --add, 
[info] but for now we'll just set up a default project.
[info] 
[debug] [2021-06-19T15:10:16.136Z] >>> [apiv2][query] GET https://firebase.googleapis.com/v1beta1/projects pageSize=100
[debug] [2021-06-19T15:10:16.612Z] <<< [apiv2][status] GET https://firebase.googleapis.com/v1beta1/projects 200
[debug] [2021-06-19T15:10:16.612Z] <<< [apiv2][body] GET https://firebase.googleapis.com/v1beta1/projects [omitted]
[info] i  Using project profile-3fab9 (profile) 
[info] 
=== Hosting:github Setup
[info] 
[info] i  Didn't detect a .git folder. Assuming C:\xampp\htdocs\p is the project root. 
[info] i  Authorizing with GitHub to upload your service account to a GitHub repository's secrets store. 
[info] 
[info] Visit this URL on this device to log in:
[info] https://github.com/login/oauth/authorize?client_id=89cf50f02ac6aaed3484&state=774254203&redirect_uri=http%3A%2F%2Flocalhost%3A9005&scope=read%3Auser%20repo%20public_repo
[info] 
[info] Waiting for authentication...
[debug] [2021-06-19T15:10:18.904Z] >>> HTTP REQUEST POST https://github.com/login/oauth/access_token  
 {"client_id":"89cf50f02ac6aaed3484","client_secret":"3330d14abc895d9a74d5f17cd7a00711fa2c5bf0","code":"1113a1308056d993f019","redirect_uri":"http://localhost:9005","state":"774254203"}
[debug] [2021-06-19T15:10:19.282Z] <<< HTTP RESPONSE 200 {"server":"GitHub.com","date":"Sat, 19 Jun 2021 15:10:20 GMT","content-type":"application/json; charset=utf-8","transfer-encoding":"chunked","vary":"X-PJAX, Accept-Encoding, Accept, X-Requested-With","permissions-policy":"interest-cohort=()","etag":"W/\"50cac566a256ecd35657bee7eaad52cd\"","cache-control":"max-age=0, private, must-revalidate","strict-transport-security":"max-age=31536000; includeSubdomains; preload","x-frame-options":"deny","x-content-type-options":"nosniff","x-xss-protection":"0","referrer-policy":"origin-when-cross-origin, strict-origin-when-cross-origin","expect-ct":"max-age=2592000, report-uri=\"https://api.github.com/_private/browser/errors\"","content-security-policy":"default-src 'none'; base-uri 'self'; block-all-mixed-content; connect-src 'self' uploads.github.com www.githubstatus.com collector.githubapp.com api.github.com github-cloud.s3.amazonaws.com github-production-repository-file-5c1aeb.s3.amazonaws.com github-production-upload-manifest-file-7fdce7.s3.amazonaws.com github-production-user-asset-6210df.s3.amazonaws.com cdn.optimizely.com logx.optimizely.com/v1/events translator.github.com wss://alive.github.com; font-src github.githubassets.com; form-action 'self' github.com gist.github.com; frame-ancestors 'none'; frame-src render.githubusercontent.com; img-src 'self' data: github.githubassets.com identicons.github.com collector.githubapp.com github-cloud.s3.amazonaws.com secured-user-images.githubusercontent.com/ *.githubusercontent.com; manifest-src 'self'; media-src 'none'; script-src github.githubassets.com; style-src 'unsafe-inline' github.githubassets.com; worker-src github.com/socket-worker-3f088aa2.js gist.github.com/socket-worker-3f088aa2.js","x-github-request-id":"C411:6CEF:4DAAF1:67EB40:60CE08DB"}
[debug] [2021-06-19T15:10:19.284Z] >>> [apiv2][query] GET https://api.github.com/user [none]
[debug] [2021-06-19T15:10:19.686Z] <<< [apiv2][status] GET https://api.github.com/user 200
[debug] [2021-06-19T15:10:19.686Z] <<< [apiv2][body] GET https://api.github.com/user {"login":"AsherBrooke","id":86159066,"node_id":"MDQ6VXNlcjg2MTU5MDY2","avatar_url":"https://avatars.githubusercontent.com/u/86159066?v=4","gravatar_id":"","url":"https://api.github.com/users/AsherBrooke","html_url":"https://github.com/AsherBrooke","followers_url":"https://api.github.com/users/AsherBrooke/followers","following_url":"https://api.github.com/users/AsherBrooke/following{/other_user}","gists_url":"https://api.github.com/users/AsherBrooke/gists{/gist_id}","starred_url":"https://api.github.com/users/AsherBrooke/starred{/owner}{/repo}","subscriptions_url":"https://api.github.com/users/AsherBrooke/subscriptions","organizations_url":"https://api.github.com/users/AsherBrooke/orgs","repos_url":"https://api.github.com/users/AsherBrooke/repos","events_url":"https://api.github.com/users/AsherBrooke/events{/privacy}","received_events_url":"https://api.github.com/users/AsherBrooke/received_events","type":"User","site_admin":false,"name":null,"company":null,"blog":"","location":null,"email":null,"hireable":null,"bio":null,"twitter_username":null,"public_repos":1,"public_gists":0,"followers":0,"following":0,"created_at":"2021-06-19T14:35:02Z","updated_at":"2021-06-19T14:37:36Z","private_gists":0,"total_private_repos":0,"owned_private_repos":0,"disk_usage":0,"collaborators":0,"two_factor_authentication":false,"plan":{"name":"free","space":976562499,"collaborators":0,"private_repos":10000}}
[info] 
[info] +  Success! Logged into GitHub as AsherBrooke 
[info] 
[debug] [2021-06-19T15:11:27.564Z] >>> [apiv2][query] GET https://api.github.com/repos/AsherBrooke/actions/secrets/public-key type=owner
[debug] [2021-06-19T15:11:27.929Z] <<< [apiv2][status] GET https://api.github.com/repos/AsherBrooke/actions/secrets/public-key 404
[debug] [2021-06-19T15:11:27.929Z] <<< [apiv2][body] GET https://api.github.com/repos/AsherBrooke/actions/secrets/public-key {"message":"Not Found","documentation_url":"https://docs.github.com/rest"}
[debug] [2021-06-19T15:11:31.319Z] >>> [apiv2][query] GET https://api.github.com/repos/AsherBrooke/actions/secrets/public-key type=owner
[debug] [2021-06-19T15:11:31.689Z] <<< [apiv2][status] GET https://api.github.com/repos/AsherBrooke/actions/secrets/public-key 404
[debug] [2021-06-19T15:11:31.689Z] <<< [apiv2][body] GET https://api.github.com/repos/AsherBrooke/actions/secrets/public-key {"message":"Not Found","documentation_url":"https://docs.github.com/rest"}
[debug] [2021-06-19T15:11:53.887Z] >>> [apiv2][query] GET https://api.github.com/repos/AsherBrooke/actions/secrets/public-key type=owner
[debug] [2021-06-19T15:11:54.255Z] <<< [apiv2][status] GET https://api.github.com/repos/AsherBrooke/actions/secrets/public-key 404
[debug] [2021-06-19T15:11:54.255Z] <<< [apiv2][body] GET https://api.github.com/repos/AsherBrooke/actions/secrets/public-key {"message":"Not Found","documentation_url":"https://docs.github.com/rest"}
[debug] [2021-06-19T15:11:55.568Z] >>> [apiv2][query] GET https://api.github.com/repos//actions/secrets/public-key type=owner
[debug] [2021-06-19T15:11:55.913Z] <<< [apiv2][status] GET https://api.github.com/repos//actions/secrets/public-key 404
[debug] [2021-06-19T15:11:55.913Z] <<< [apiv2][body] GET https://api.github.com/repos//actions/secrets/public-key {"message":"Not Found","documentation_url":"https://docs.github.com/rest"}
[debug] [2021-06-19T15:12:02.527Z] >>> [apiv2][query] GET https://api.github.com/repos/https://github.com/AsherBrooke/actions/secrets/public-key type=owner
[debug] [2021-06-19T15:12:02.885Z] <<< [apiv2][status] GET https://api.github.com/repos/https://github.com/AsherBrooke/actions/secrets/public-key 404
[debug] [2021-06-19T15:12:02.885Z] <<< [apiv2][body] GET https://api.github.com/repos/https://github.com/AsherBrooke/actions/secrets/public-key {"message":"Not Found","documentation_url":"https://docs.github.com/rest"}
[debug] [2021-06-19T15:12:03.962Z] >>> [apiv2][query] GET https://api.github.com/repos//actions/secrets/public-key type=owner
[debug] [2021-06-19T15:12:04.307Z] <<< [apiv2][status] GET https://api.github.com/repos//actions/secrets/public-key 404
[debug] [2021-06-19T15:12:04.307Z] <<< [apiv2][body] GET https://api.github.com/repos//actions/secrets/public-key {"message":"Not Found","documentation_url":"https://docs.github.com/rest"}
